============================= test session starts =============================
platform win32 -- Python 3.11.9, pytest-8.2.2, pluggy-1.6.0 -- C:\Users\averr\AlphaEdge\.venv\Scripts\python.exe
cachedir: .pytest_cache
rootdir: C:\Users\averr\AlphaEdge
configfile: pyproject.toml
plugins: anyio-4.12.1, asyncio-0.23.7, cov-5.0.0, mock-3.14.0
asyncio: mode=Mode.AUTO
collecting ... collected 628 items

alphaedge/tests/test_alerting.py::TestAlertLevel::test_values PASSED     [  0%]
alphaedge/tests/test_alerting.py::TestAlertEvent::test_all_events PASSED [  0%]
alphaedge/tests/test_alerting.py::TestAlert::test_auto_timestamp PASSED  [  0%]
alphaedge/tests/test_alerting.py::TestAlert::test_explicit_timestamp PASSED [  0%]
alphaedge/tests/test_alerting.py::TestAlert::test_frozen PASSED          [  0%]
alphaedge/tests/test_alerting.py::TestFormatTelegram::test_contains_html_bold PASSED [  0%]
alphaedge/tests/test_alerting.py::TestFormatTelegram::test_level_in_output PASSED [  1%]
alphaedge/tests/test_alerting.py::TestFormatTelegram::test_timestamp_italic PASSED [  1%]
alphaedge/tests/test_alerting.py::TestFormatDiscord::test_embed_structure PASSED [  1%]
alphaedge/tests/test_alerting.py::TestFormatDiscord::test_critical_color PASSED [  1%]
alphaedge/tests/test_alerting.py::TestFormatDiscord::test_warning_color PASSED [  1%]
alphaedge/tests/test_alerting.py::TestConfigs::test_telegram_config_defaults PASSED [  1%]
alphaedge/tests/test_alerting.py::TestConfigs::test_discord_config_defaults PASSED [  2%]
alphaedge/tests/test_alerting.py::TestConfigs::test_alert_config_defaults PASSED [  2%]
alphaedge/tests/test_alerting.py::TestSendTelegram::test_disabled_returns_false PASSED [  2%]
alphaedge/tests/test_alerting.py::TestSendTelegram::test_empty_token_returns_false PASSED [  2%]
alphaedge/tests/test_alerting.py::TestSendTelegram::test_success PASSED  [  2%]
alphaedge/tests/test_alerting.py::TestSendTelegram::test_network_error PASSED [  2%]
alphaedge/tests/test_alerting.py::TestSendDiscord::test_disabled_returns_false PASSED [  3%]
alphaedge/tests/test_alerting.py::TestSendDiscord::test_empty_url_returns_false PASSED [  3%]
alphaedge/tests/test_alerting.py::TestSendDiscord::test_success_204 PASSED [  3%]
alphaedge/tests/test_alerting.py::TestSendDiscord::test_network_error PASSED [  3%]
alphaedge/tests/test_alerting.py::TestAlertManager::test_initial_counts PASSED [  3%]
alphaedge/tests/test_alerting.py::TestAlertManager::test_config_property PASSED [  3%]
alphaedge/tests/test_alerting.py::TestAlertManager::test_send_telegram_success PASSED [  3%]
alphaedge/tests/test_alerting.py::TestAlertManager::test_send_discord_success PASSED [  4%]
alphaedge/tests/test_alerting.py::TestAlertManager::test_send_both PASSED [  4%]
alphaedge/tests/test_alerting.py::TestAlertManager::test_send_failure_counted PASSED [  4%]
alphaedge/tests/test_alerting.py::TestAlertManager::test_event_filtering PASSED [  4%]
alphaedge/tests/test_alerting.py::TestAlertManager::test_send_async PASSED [  4%]
alphaedge/tests/test_alerting.py::TestAlertManager::test_no_channels_enabled PASSED [  4%]
alphaedge/tests/test_alerting.py::TestAlertBuilders::test_alert_trade_executed PASSED [  5%]
alphaedge/tests/test_alerting.py::TestAlertBuilders::test_alert_trade_closed_win PASSED [  5%]
alphaedge/tests/test_alerting.py::TestAlertBuilders::test_alert_trade_closed_loss PASSED [  5%]
alphaedge/tests/test_alerting.py::TestAlertBuilders::test_alert_signal_detected PASSED [  5%]
alphaedge/tests/test_alerting.py::TestAlertBuilders::test_alert_kill_switch PASSED [  5%]
alphaedge/tests/test_alerting.py::TestAlertBuilders::test_alert_ib_disconnected PASSED [  5%]
alphaedge/tests/test_alerting.py::TestAlertBuilders::test_alert_ib_reconnected PASSED [  6%]
alphaedge/tests/test_alerting.py::TestAlertBuilders::test_alert_session_end_open PASSED [  6%]
alphaedge/tests/test_alerting.py::TestAlertBuilders::test_alert_session_end_clean PASSED [  6%]
alphaedge/tests/test_alerting.py::TestAlertBuilders::test_alert_daily_summary PASSED [  6%]
alphaedge/tests/test_alerting.py::TestBuildAlertConfig::test_from_empty_dict PASSED [  6%]
alphaedge/tests/test_alerting.py::TestBuildAlertConfig::test_telegram_enabled PASSED [  6%]
alphaedge/tests/test_alerting.py::TestBuildAlertConfig::test_discord_enabled PASSED [  7%]
alphaedge/tests/test_alerting.py::TestBuildAlertConfig::test_custom_events PASSED [  7%]
alphaedge/tests/test_alerting.py::TestBuildAlertConfig::test_full_config PASSED [  7%]
alphaedge/tests/test_backtest_execution_validation.py::TestValidateBacktestSignal::test_returns_none_when_position_size_invalid PASSED [  7%]
alphaedge/tests/test_backtest_execution_validation.py::TestValidateBacktestSignal::test_returns_none_when_bracket_order_invalid PASSED [  7%]
alphaedge/tests/test_backtest_execution_validation.py::TestValidateBacktestSignal::test_returns_adjusted_signal_when_valid PASSED [  7%]
alphaedge/tests/test_backtest_export.py::TestExportResultsCsv::test_creates_file PASSED [  7%]
alphaedge/tests/test_backtest_export.py::TestExportResultsCsv::test_csv_has_required_columns PASSED [  8%]
alphaedge/tests/test_backtest_export.py::TestExportResultsCsv::test_csv_trade_count PASSED [  8%]
alphaedge/tests/test_backtest_export.py::TestExportResultsCsv::test_empty_trades_creates_empty_csv PASSED [  8%]
alphaedge/tests/test_backtest_export.py::TestExportResultsCsv::test_direction_label PASSED [  8%]
alphaedge/tests/test_backtest_export.py::TestPlotEquityCurve::test_creates_png PASSED [  8%]
alphaedge/tests/test_backtest_export.py::TestPlotEquityCurve::test_empty_trades_creates_file PASSED [  8%]
alphaedge/tests/test_backtest_news_filter.py::TestNewsFilterInBacktest::test_no_news_filter_default_behaviour PASSED [  9%]
alphaedge/tests/test_backtest_news_filter.py::TestNewsFilterInBacktest::test_news_filter_none_is_noop PASSED [  9%]
alphaedge/tests/test_backtest_news_filter.py::TestNewsFilterInBacktest::test_all_blackout_produces_no_trades PASSED [  9%]
alphaedge/tests/test_backtest_news_filter.py::TestNewsFilterInBacktest::test_no_blackout_allows_trades PASSED [  9%]
alphaedge/tests/test_backtest_simulation_carry_long.py::TestComputeOvernightCarryLong::test_long_audjpy_positive_carry PASSED [  9%]
alphaedge/tests/test_backtest_simulation_carry_long.py::TestComputeOvernightCarryLong::test_long_carry_scales_with_days PASSED [  9%]
alphaedge/tests/test_backtest_simulation_carry_long.py::TestComputeOvernightCarryLong::test_long_carry_formula PASSED [ 10%]
alphaedge/tests/test_backtest_simulation_carry_short.py::TestComputeOvernightCarryShort::test_short_audjpy_negative_carry PASSED [ 10%]
alphaedge/tests/test_backtest_simulation_carry_short.py::TestComputeOvernightCarryShort::test_short_carry_is_opposite_of_long PASSED [ 10%]
alphaedge/tests/test_backtest_simulation_carry_short.py::TestComputeOvernightCarryShort::test_zero_days_held_returns_zero PASSED [ 10%]
alphaedge/tests/test_backtest_simulation_carry_unknown.py::TestComputeOvernightCarryUnknown::test_unknown_pair_returns_zero PASSED [ 10%]
alphaedge/tests/test_backtest_simulation_carry_unknown.py::TestComputeOvernightCarryUnknown::test_missing_base_rate_returns_zero PASSED [ 10%]
alphaedge/tests/test_backtest_simulation_carry_unknown.py::TestComputeOvernightCarryUnknown::test_missing_quote_rate_returns_zero PASSED [ 10%]
alphaedge/tests/test_backtest_simulation_carry_unknown.py::TestComputeOvernightCarryUnknown::test_empty_rates_returns_zero PASSED [ 11%]
alphaedge/tests/test_backtest_simulation_carry_unknown.py::TestComputeOvernightCarryUnknown::test_pair_case_insensitive PASSED [ 11%]
alphaedge/tests/test_backtest_stats.py::TestComputeStats::test_empty_list_returns_zeroed_stats PASSED [ 11%]
alphaedge/tests/test_backtest_stats.py::TestComputeStats::test_all_wins PASSED [ 11%]
alphaedge/tests/test_backtest_stats.py::TestComputeStats::test_mixed_win_loss PASSED [ 11%]
alphaedge/tests/test_backtest_stats.py::TestComputeStats::test_max_drawdown_computed PASSED [ 11%]
alphaedge/tests/test_backtest_stats.py::TestComputeStats::test_single_trade PASSED [ 12%]
alphaedge/tests/test_backtest_stats.py::TestComputeWinrate::test_zero_total_returns_zero PASSED [ 12%]
alphaedge/tests/test_backtest_stats.py::TestComputeWinrate::test_all_wins PASSED [ 12%]
alphaedge/tests/test_backtest_stats.py::TestComputeWinrate::test_half_wins PASSED [ 12%]
alphaedge/tests/test_backtest_stats.py::TestComputeProfitFactor::test_no_losses_returns_inf PASSED [ 12%]
alphaedge/tests/test_backtest_stats.py::TestComputeProfitFactor::test_no_wins_no_losses_returns_zero PASSED [ 12%]
alphaedge/tests/test_backtest_stats.py::TestComputeProfitFactor::test_correct_ratio PASSED [ 13%]
alphaedge/tests/test_backtest_stats.py::TestComputeMaxDrawdown::test_empty_returns_zero PASSED [ 13%]
alphaedge/tests/test_backtest_stats.py::TestComputeMaxDrawdown::test_all_wins_no_drawdown PASSED [ 13%]
alphaedge/tests/test_backtest_stats.py::TestComputeMaxDrawdown::test_drawdown_after_loss PASSED [ 13%]
alphaedge/tests/test_backtest_stats.py::TestComputeSharpe::test_less_than_two_trades_returns_zero PASSED [ 13%]
alphaedge/tests/test_backtest_stats.py::TestComputeSharpe::test_uniform_returns_zero_std PASSED [ 13%]
alphaedge/tests/test_backtest_stats.py::TestComputeSharpe::test_positive_return_positive_sharpe PASSED [ 14%]
alphaedge/tests/test_backtest_stats.py::TestSplitTradesIsOos::test_default_70_30_split PASSED [ 14%]
alphaedge/tests/test_backtest_stats.py::TestSplitTradesIsOos::test_sample_type_tags PASSED [ 14%]
alphaedge/tests/test_backtest_stats.py::TestSplitTradesIsOos::test_empty_trades PASSED [ 14%]
alphaedge/tests/test_backtest_stats.py::TestComputeSplitReport::test_report_has_both_stats PASSED [ 14%]
alphaedge/tests/test_backtest_stats.py::TestComputeSplitReport::test_degradation_keys_present PASSED [ 14%]
alphaedge/tests/test_bayesian_optimizer_search.py::TestOptunaSearchBest::test_returns_valid_param_dict PASSED [ 14%]
alphaedge/tests/test_bayesian_optimizer_search.py::TestOptunaSearchBest::test_param_values_in_range PASSED [ 15%]
alphaedge/tests/test_bayesian_optimizer_search.py::TestOptunaSearchBest::test_n_trials_respected PASSED [ 15%]
alphaedge/tests/test_bayesian_optimizer_search.py::TestOptunaSearchBest::test_metric_sharpe_vs_pf PASSED [ 15%]
alphaedge/tests/test_bayesian_optimizer_search.py::TestOptunaSearchBest::test_invalid_metric_raises PASSED [ 15%]
alphaedge/tests/test_broker_circuit_breaker_reset.py::TestCircuitBreakerStaysOpen::test_blocked_within_cooldown PASSED [ 15%]
alphaedge/tests/test_broker_circuit_breaker_reset.py::TestCircuitBreakerStaysOpen::test_blocked_with_excess_failures[1] PASSED [ 15%]
alphaedge/tests/test_broker_circuit_breaker_reset.py::TestCircuitBreakerStaysOpen::test_blocked_with_excess_failures[3] PASSED [ 16%]
alphaedge/tests/test_broker_circuit_breaker_reset.py::TestCircuitBreakerStaysOpen::test_blocked_with_excess_failures[10] PASSED [ 16%]
alphaedge/tests/test_broker_circuit_breaker_reset.py::TestCircuitBreakerAutoReset::test_auto_reset_after_cooldown PASSED [ 16%]
alphaedge/tests/test_broker_circuit_breaker_reset.py::TestCircuitBreakerAutoReset::test_auto_reset_then_failure_records_new_timestamp PASSED [ 16%]
alphaedge/tests/test_broker_margin_safety.py::TestBrokerMarginSafety::test_margin_check_blocks_when_available_funds_missing PASSED [ 16%]
alphaedge/tests/test_broker_margin_safety.py::TestBrokerErrorPolicies::test_connect_timeout_is_classified_and_counted PASSED [ 16%]
alphaedge/tests/test_broker_margin_safety.py::TestBrokerErrorPolicies::test_place_bracket_runtime_failure_returns_empty PASSED [ 17%]
alphaedge/tests/test_broker_margin_safety.py::TestBrokerErrorPolicies::test_get_account_equity_raises_on_invalid_numeric_value PASSED [ 17%]
alphaedge/tests/test_broker_margin_safety.py::TestBrokerErrorPolicies::test_margin_check_blocks_on_summary_exception PASSED [ 17%]
alphaedge/tests/test_carry_signal_audjpy.py::test_audjpy_direction_long PASSED [ 17%]
alphaedge/tests/test_carry_signal_audjpy.py::test_audjpy_differential PASSED [ 17%]
alphaedge/tests/test_carry_signal_audjpy.py::test_audjpy_daily_carry_positive PASSED [ 17%]
alphaedge/tests/test_carry_signal_audjpy.py::test_audjpy_is_carry_signal_dataclass PASSED [ 17%]
alphaedge/tests/test_carry_signal_audjpy.py::test_case_insensitive[AUDJPY] PASSED [ 18%]
alphaedge/tests/test_carry_signal_audjpy.py::test_case_insensitive[audjpy] PASSED [ 18%]
alphaedge/tests/test_carry_signal_audjpy.py::test_case_insensitive[AudJpy] PASSED [ 18%]
alphaedge/tests/test_carry_signal_neutral.py::test_neutral_direction_small_differential PASSED [ 18%]
alphaedge/tests/test_carry_signal_neutral.py::test_neutral_direction_zero_differential PASSED [ 18%]
alphaedge/tests/test_carry_signal_neutral.py::test_threshold_controls_neutral[0.1] PASSED [ 18%]
alphaedge/tests/test_carry_signal_neutral.py::test_threshold_controls_neutral[0.5] PASSED [ 19%]
alphaedge/tests/test_carry_signal_neutral.py::test_threshold_controls_neutral[1.0] PASSED [ 19%]
alphaedge/tests/test_carry_signal_neutral.py::test_threshold_controls_neutral[2.0] PASSED [ 19%]
alphaedge/tests/test_carry_signal_neutral.py::test_short_bias_when_negative_differential PASSED [ 19%]
alphaedge/tests/test_carry_signal_unknown_pair.py::test_unknown_pair_is_invalid[XYZABC] PASSED [ 19%]
alphaedge/tests/test_carry_signal_unknown_pair.py::test_unknown_pair_is_invalid[] PASSED [ 19%]
alphaedge/tests/test_carry_signal_unknown_pair.py::test_unknown_pair_is_invalid[INVALID] PASSED [ 20%]
alphaedge/tests/test_carry_signal_unknown_pair.py::test_unknown_pair_is_invalid[BTC/USD] PASSED [ 20%]
alphaedge/tests/test_carry_signal_unknown_pair.py::test_missing_base_rate PASSED [ 20%]
alphaedge/tests/test_carry_signal_unknown_pair.py::test_missing_quote_rate PASSED [ 20%]
alphaedge/tests/test_carry_signal_unknown_pair.py::test_empty_rates_dict PASSED [ 20%]
alphaedge/tests/test_carry_signal_unknown_pair.py::test_valid_pair_stays_valid PASSED [ 20%]
alphaedge/tests/test_core_backend_fallback.py::TestCoreBackendFallback::test_backend_fallback_on_import_error PASSED [ 21%]
alphaedge/tests/test_core_backend_fallback.py::TestCoreBackendFallback::test_backend_production_raises_on_missing_compiled PASSED [ 21%]
alphaedge/tests/test_core_backend_visibility.py::TestCoreBackendVisibility::test_auto_backend_logs_fallback_and_tracks_module PASSED [ 21%]
alphaedge/tests/test_core_backend_visibility.py::TestCoreBackendVisibility::test_backend_name_reports_forced_stub_mode PASSED [ 21%]
alphaedge/tests/test_daily_loss_logging.py::TestDailyLossLogging::test_daily_loss_breach_logs_critical PASSED [ 21%]
alphaedge/tests/test_daily_state_persistence.py::TestDailyStateRoundTrip::test_save_and_load PASSED [ 21%]
alphaedge/tests/test_daily_state_persistence.py::TestDailyStateRoundTrip::test_load_returns_none_for_different_day PASSED [ 21%]
alphaedge/tests/test_daily_state_persistence.py::TestDailyStateRoundTrip::test_load_returns_none_when_no_file PASSED [ 22%]
alphaedge/tests/test_daily_state_persistence.py::TestDailyStateRoundTrip::test_load_handles_corrupt_file PASSED [ 22%]
alphaedge/tests/test_daily_state_persistence.py::TestDailyStateRoundTrip::test_load_rejects_invalid_schema PASSED [ 22%]
alphaedge/tests/test_daily_state_persistence.py::TestDailyStateRoundTrip::test_load_rejects_invalid_open_pairs PASSED [ 22%]
alphaedge/tests/test_daily_state_persistence.py::TestShutdownBlocksRestart::test_run_session_refused_after_shutdown PASSED [ 22%]
alphaedge/tests/test_daily_state_persistence.py::TestPersistAfterTrade::test_persist_writes_file PASSED [ 22%]
alphaedge/tests/test_daily_state_persistence.py::TestPersistAfterTrade::test_persist_with_shutdown_flag PASSED [ 23%]
alphaedge/tests/test_daily_state_persistence.py::TestRestoredEquityOnRestart::test_equity_restored_from_state PASSED [ 23%]
alphaedge/tests/test_dependency_injection.py::TestDependencyInjection::test_accepts_injected_broker PASSED [ 23%]
alphaedge/tests/test_dependency_injection.py::TestDependencyInjection::test_accepts_injected_feeds PASSED [ 23%]
alphaedge/tests/test_dependency_injection.py::TestDependencyInjection::test_accepts_injected_core_modules PASSED [ 23%]
alphaedge/tests/test_dependency_injection.py::TestDependencyInjection::test_execute_signal_with_injected_deps PASSED [ 23%]
alphaedge/tests/test_fill_verification.py::TestEmptyTradesReturned::test_empty_trades_blocks_execution PASSED [ 24%]
alphaedge/tests/test_fill_verification.py::TestFillTimeoutCancels::test_timeout_cancels_bracket PASSED [ 24%]
alphaedge/tests/test_fill_verification.py::TestSuccessfulFill::test_filled_trade_sets_position_open PASSED [ 24%]
alphaedge/tests/test_fill_verification.py::TestMockedLiveCycle::test_session_init_fill_and_close_cycle PASSED [ 24%]
alphaedge/tests/test_graceful_shutdown.py::TestGracefulShutdownMethod::test_sets_shutdown_flag PASSED [ 24%]
alphaedge/tests/test_graceful_shutdown.py::TestGracefulShutdownMethod::test_persists_state_on_shutdown PASSED [ 24%]
alphaedge/tests/test_graceful_shutdown.py::TestGracefulShutdownMethod::test_idempotent_multiple_calls PASSED [ 25%]
alphaedge/tests/test_graceful_shutdown.py::TestGracefulShutdownHasMethod::test_method_exists PASSED [ 25%]
alphaedge/tests/test_ib_error_codes.py::TestIBErrorCodePacing::test_code_162_logs_debug PASSED [ 25%]
alphaedge/tests/test_ib_error_codes.py::TestIBErrorCodePacing::test_code_162_injects_throttler_penalty PASSED [ 25%]
alphaedge/tests/test_ib_error_codes.py::TestIBErrorCodeSecurity::test_code_200_logs_error PASSED [ 25%]
alphaedge/tests/test_ib_error_codes.py::TestIBErrorCodeValidation::test_code_321_logs_error PASSED [ 25%]
alphaedge/tests/test_ib_error_codes.py::TestIBErrorCodeNotConnected::test_code_504_logs_critical PASSED [ 25%]
alphaedge/tests/test_ib_error_codes.py::TestIBErrorCodeConnection::test_connection_codes_log_critical[1100] PASSED [ 26%]
alphaedge/tests/test_ib_error_codes.py::TestIBErrorCodeConnection::test_connection_codes_log_critical[1101] PASSED [ 26%]
alphaedge/tests/test_ib_error_codes.py::TestIBErrorCodeConnection::test_connection_codes_log_critical[1102] PASSED [ 26%]
alphaedge/tests/test_ib_error_codes.py::TestIBErrorCodeUnknown::test_unknown_code_logs_warning PASSED [ 26%]
alphaedge/tests/test_ib_error_codes.py::TestIBErrorHandlerRegistered::test_handler_method_exists PASSED [ 26%]
alphaedge/tests/test_is_oos_split.py::TestSplitTradesIsOos::test_70_30_split_counts PASSED [ 26%]
alphaedge/tests/test_is_oos_split.py::TestSplitTradesIsOos::test_sample_type_tagging PASSED [ 27%]
alphaedge/tests/test_is_oos_split.py::TestSplitTradesIsOos::test_chronological_order PASSED [ 27%]
alphaedge/tests/test_is_oos_split.py::TestSplitTradesIsOos::test_custom_ratio PASSED [ 27%]
alphaedge/tests/test_is_oos_split.py::TestSplitTradesIsOos::test_empty_list PASSED [ 27%]
alphaedge/tests/test_is_oos_split.py::TestSplitTradesIsOos::test_single_trade PASSED [ 27%]
alphaedge/tests/test_is_oos_split.py::TestSplitTradesIsOos::test_unsorted_input_still_splits_correctly PASSED [ 27%]
alphaedge/tests/test_is_oos_split.py::TestComputeSplitReport::test_report_structure PASSED [ 28%]
alphaedge/tests/test_is_oos_split.py::TestComputeSplitReport::test_is_oos_trade_counts PASSED [ 28%]
alphaedge/tests/test_is_oos_split.py::TestComputeSplitReport::test_degradation_keys PASSED [ 28%]
alphaedge/tests/test_is_oos_split.py::TestComputeSplitReport::test_no_degradation_identical_distribution PASSED [ 28%]
alphaedge/tests/test_is_oos_split.py::TestComputeSplitReport::test_degradation_calculation PASSED [ 28%]
alphaedge/tests/test_is_oos_split.py::TestComputeSplitReport::test_empty_trades PASSED [ 28%]
alphaedge/tests/test_is_oos_split.py::TestCsvSampleTypeColumn::test_csv_contains_sample_type PASSED [ 28%]
alphaedge/tests/test_live_journal_pnl_usd.py::test_pnl_usd_formula[EURUSD-10.0-0.0001-0.01-1.0-expected_usd0] PASSED [ 29%]
alphaedge/tests/test_live_journal_pnl_usd.py::test_pnl_usd_formula[EURUSD-10.0-0.0001-0.01-1.08-expected_usd1] PASSED [ 29%]
alphaedge/tests/test_live_journal_pnl_usd.py::test_pnl_usd_formula[USDJPY-10.0-0.01-0.01-150.0-expected_usd2] PASSED [ 29%]
alphaedge/tests/test_live_journal_pnl_usd.py::test_pnl_usd_formula[GBPUSD-5.0-0.0001-0.1-1.25-expected_usd3] PASSED [ 29%]
alphaedge/tests/test_live_journal_pnl_usd.py::test_pnl_usd_formula[EURUSD-10.0-0.0001-0.01-0.0-expected_usd4] PASSED [ 29%]
alphaedge/tests/test_live_journal_pnl_usd.py::test_pnl_usd_formula[USDJPY--5.0-0.01-0.01-150.0-expected_usd5] PASSED [ 29%]
alphaedge/tests/test_loader_validation.py::TestLoaderValidation::test_risk_pct_zero_raises PASSED [ 30%]
alphaedge/tests/test_loader_validation.py::TestLoaderValidation::test_risk_pct_negative_raises PASSED [ 30%]
alphaedge/tests/test_loader_validation.py::TestLoaderValidation::test_risk_pct_above_max_raises PASSED [ 30%]
alphaedge/tests/test_loader_validation.py::TestLoaderValidation::test_risk_pct_boundary_10_passes PASSED [ 30%]
alphaedge/tests/test_loader_validation.py::TestLoaderValidation::test_rr_ratio_zero_raises PASSED [ 30%]
alphaedge/tests/test_loader_validation.py::TestLoaderValidation::test_max_daily_loss_pct_zero_raises PASSED [ 30%]
alphaedge/tests/test_loader_validation.py::TestLoaderValidation::test_max_trades_per_session_zero_raises PASSED [ 31%]
alphaedge/tests/test_loader_validation.py::TestLoaderValidation::test_max_spread_pips_zero_raises PASSED [ 31%]
alphaedge/tests/test_loader_validation.py::TestLoaderValidation::test_valid_config_passes PASSED [ 31%]
alphaedge/tests/test_loader_validation.py::TestLoaderValidation::test_atr_period_zero_raises PASSED [ 31%]
alphaedge/tests/test_loader_validation.py::TestLoaderValidation::test_volume_period_zero_raises PASSED [ 31%]
alphaedge/tests/test_loader_validation.py::TestLoaderValidation::test_min_volume_ratio_zero_raises PASSED [ 31%]
alphaedge/tests/test_loader_validation.py::TestPairValidation::test_unknown_pair_raises PASSED [ 32%]
alphaedge/tests/test_loader_validation.py::TestPairValidation::test_valid_pairs_pass PASSED [ 32%]
alphaedge/tests/test_loader_validation.py::TestPairValidation::test_empty_pairs_passes PASSED [ 32%]
alphaedge/tests/test_loader_validation.py::TestLotTypeValidation::test_invalid_lot_type_raises PASSED [ 32%]
alphaedge/tests/test_loader_validation.py::TestLotTypeValidation::test_standard_lot_type_passes PASSED [ 32%]
alphaedge/tests/test_loader_validation.py::TestLotTypeValidation::test_mini_lot_type_passes PASSED [ 32%]
alphaedge/tests/test_loader_validation.py::TestLotTypeValidation::test_micro_lot_type_passes PASSED [ 32%]
alphaedge/tests/test_loader_validation.py::TestIBPortWarning::test_non_standard_port_logs_warning PASSED [ 33%]
alphaedge/tests/test_loader_validation.py::TestIBPortWarning::test_standard_port_4001_no_warning PASSED [ 33%]
alphaedge/tests/test_loader_validation.py::TestIBPortWarning::test_standard_port_4002_no_warning PASSED [ 33%]
alphaedge/tests/test_market_order.py::TestMarketEntryBracket::test_parent_is_market_order PASSED [ 33%]
alphaedge/tests/test_market_order.py::TestMarketEntryBracket::test_children_types_and_linking PASSED [ 33%]
alphaedge/tests/test_market_order.py::TestMarketEntryBracket::test_transmit_flags PASSED [ 33%]
alphaedge/tests/test_market_order.py::TestMarketEntryBracket::test_reverse_action_applied PASSED [ 34%]
alphaedge/tests/test_market_order.py::TestBacktestMarketSlippage::test_market_slippage_constant_exists PASSED [ 34%]
alphaedge/tests/test_market_order.py::TestBacktestMarketSlippage::test_combined_slippage_greater_than_base PASSED [ 34%]
alphaedge/tests/test_ml_filter.py::TestSignalFeatures::test_to_array_length PASSED [ 34%]
alphaedge/tests/test_ml_filter.py::TestSignalFeatures::test_to_array_values PASSED [ 34%]
alphaedge/tests/test_ml_filter.py::TestSignalFeatures::test_defaults PASSED [ 34%]
alphaedge/tests/test_ml_filter.py::TestExtractFeatures::test_extracts_all_fields PASSED [ 35%]
alphaedge/tests/test_ml_filter.py::TestExtractFeatures::test_missing_fields_default_zero PASSED [ 35%]
alphaedge/tests/test_ml_filter.py::TestExtractFeatures::test_day_of_week_from_entry_time PASSED [ 35%]
alphaedge/tests/test_ml_filter.py::TestMLSignalFilter::test_untrained_returns_not_trained PASSED [ 35%]
alphaedge/tests/test_ml_filter.py::TestMLSignalFilter::test_train_and_predict PASSED [ 35%]
alphaedge/tests/test_ml_filter.py::TestMLSignalFilter::test_threshold_respected PASSED [ 35%]
alphaedge/tests/test_ml_filter.py::TestMLSignalFilter::test_insufficient_data_not_trained PASSED [ 35%]
alphaedge/tests/test_ml_filter.py::TestMLSignalFilter::test_single_class_not_trained PASSED [ 36%]
alphaedge/tests/test_ml_filter.py::TestMLSignalFilter::test_default_threshold PASSED [ 36%]
alphaedge/tests/test_ml_filter.py::TestMLSignalFilter::test_custom_threshold PASSED [ 36%]
alphaedge/tests/test_ml_filter.py::TestWalkForwardML::test_report_structure PASSED [ 36%]
alphaedge/tests/test_ml_filter.py::TestWalkForwardML::test_insufficient_data PASSED [ 36%]
alphaedge/tests/test_ml_filter.py::TestWalkForwardML::test_accuracy_range PASSED [ 36%]
alphaedge/tests/test_ml_filter.py::TestWalkForwardML::test_threshold_preserved PASSED [ 37%]
alphaedge/tests/test_ml_filter.py::TestWalkForwardML::test_predictions_sum_correct PASSED [ 37%]
alphaedge/tests/test_ml_filter.py::TestWalkForwardML::test_multiple_windows PASSED [ 37%]
alphaedge/tests/test_ml_filter_live_status.py::TestMlFilterLiveStatus::test_module_declares_not_live_integrated PASSED [ 37%]
alphaedge/tests/test_ml_filter_schema.py::TestExtractFeaturesSchema::test_full_signal_produces_correct_fields PASSED [ 37%]
alphaedge/tests/test_ml_filter_schema.py::TestExtractFeaturesSchema::test_missing_optional_keys_default_to_zero PASSED [ 37%]
alphaedge/tests/test_ml_filter_schema.py::TestExtractFeaturesSchema::test_required_keys_constant_matches_feature_fields PASSED [ 38%]
alphaedge/tests/test_ml_filter_schema.py::TestExtractFeaturesSchema::test_to_array_length_matches_feature_names PASSED [ 38%]
alphaedge/tests/test_ml_filter_schema.py::TestMLFilterResultSchema::test_untrained_predict_output_keys PASSED [ 38%]
alphaedge/tests/test_ml_filter_schema.py::TestMLFilterResultSchema::test_ml_result_keys_constant_complete PASSED [ 38%]
alphaedge/tests/test_momentum_detector_bear_trend.py::test_bear_trend_detected PASSED [ 38%]
alphaedge/tests/test_momentum_detector_bear_trend.py::test_bear_trend_various_lengths[35] PASSED [ 38%]
alphaedge/tests/test_momentum_detector_bear_trend.py::test_bear_trend_various_lengths[50] PASSED [ 39%]
alphaedge/tests/test_momentum_detector_bear_trend.py::test_bear_trend_various_lengths[80] PASSED [ 39%]
alphaedge/tests/test_momentum_detector_bull_trend.py::test_bull_trend_detected PASSED [ 39%]
alphaedge/tests/test_momentum_detector_bull_trend.py::test_bull_trend_various_lengths[35] PASSED [ 39%]
alphaedge/tests/test_momentum_detector_bull_trend.py::test_bull_trend_various_lengths[50] PASSED [ 39%]
alphaedge/tests/test_momentum_detector_bull_trend.py::test_bull_trend_various_lengths[80] PASSED [ 39%]
alphaedge/tests/test_momentum_detector_insufficient.py::test_insufficient_bars_returns_none[0] PASSED [ 39%]
alphaedge/tests/test_momentum_detector_insufficient.py::test_insufficient_bars_returns_none[1] PASSED [ 40%]
alphaedge/tests/test_momentum_detector_insufficient.py::test_insufficient_bars_returns_none[10] PASSED [ 40%]
alphaedge/tests/test_momentum_detector_insufficient.py::test_insufficient_bars_returns_none[28] PASSED [ 40%]
alphaedge/tests/test_momentum_detector_insufficient.py::test_exactly_min_bars_does_not_raise PASSED [ 40%]
alphaedge/tests/test_momentum_detector_no_trend.py::test_no_trend_returns_none PASSED [ 40%]
alphaedge/tests/test_momentum_detector_no_trend.py::test_high_threshold_blocks_weak_trend PASSED [ 40%]
alphaedge/tests/test_monte_carlo.py::TestComputeMaxDrawdownFromPnls::test_empty_returns_zero PASSED [ 41%]
alphaedge/tests/test_monte_carlo.py::TestComputeMaxDrawdownFromPnls::test_all_wins_zero_drawdown PASSED [ 41%]
alphaedge/tests/test_monte_carlo.py::TestComputeMaxDrawdownFromPnls::test_single_loss PASSED [ 41%]
alphaedge/tests/test_monte_carlo.py::TestComputeMaxDrawdownFromPnls::test_recovery_tracks_peak PASSED [ 41%]
alphaedge/tests/test_monte_carlo.py::TestComputeMaxDrawdownFromPnls::test_multiple_drawdowns_takes_max PASSED [ 41%]
alphaedge/tests/test_monte_carlo.py::TestComputeMaxDrawdownFromPnls::test_starting_equity_respected PASSED [ 41%]
alphaedge/tests/test_monte_carlo.py::TestRunMonteCarlo::test_report_structure PASSED [ 42%]
alphaedge/tests/test_monte_carlo.py::TestRunMonteCarlo::test_10000_permutations PASSED [ 42%]
alphaedge/tests/test_monte_carlo.py::TestRunMonteCarlo::test_percentiles_ordered PASSED [ 42%]
alphaedge/tests/test_monte_carlo.py::TestRunMonteCarlo::test_all_positive_minimal_drawdown PASSED [ 42%]
alphaedge/tests/test_monte_carlo.py::TestRunMonteCarlo::test_seed_reproducibility PASSED [ 42%]
alphaedge/tests/test_monte_carlo.py::TestRunMonteCarlo::test_empty_pnls PASSED [ 42%]
alphaedge/tests/test_monte_carlo.py::TestRunMonteCarlo::test_suggested_risk_positive PASSED [ 42%]
alphaedge/tests/test_monte_carlo.py::TestRunMonteCarlo::test_suggested_risk_capped PASSED [ 43%]
alphaedge/tests/test_monte_carlo.py::TestRunMonteCarlo::test_higher_losses_increase_drawdown PASSED [ 43%]
alphaedge/tests/test_monte_carlo.py::TestGenerateDrawdownHistogram::test_generates_file PASSED [ 43%]
alphaedge/tests/test_monte_carlo.py::TestGenerateDrawdownHistogram::test_empty_report_returns_empty_string PASSED [ 43%]
alphaedge/tests/test_monte_carlo.py::TestGenerateDrawdownHistogram::test_custom_output_path PASSED [ 43%]
alphaedge/tests/test_news_filter.py::TestNFPBlackout::test_nfp_blackout_blocks_signal PASSED [ 43%]
alphaedge/tests/test_news_filter.py::TestNFPBlackout::test_nfp_blackout_before_window PASSED [ 44%]
alphaedge/tests/test_news_filter.py::TestNFPBlackout::test_nfp_does_not_block_unrelated_pair PASSED [ 44%]
alphaedge/tests/test_news_filter.py::TestNewsFilterDisabled::test_disabled_allows_all PASSED [ 44%]
alphaedge/tests/test_news_filter.py::TestNewsFilterNoEvents::test_no_events_allows_all PASSED [ 44%]
alphaedge/tests/test_news_filter.py::TestImpactLevelFilter::test_medium_impact_ignored_when_only_high PASSED [ 44%]
alphaedge/tests/test_news_filter.py::TestImpactLevelFilter::test_high_impact_blocked PASSED [ 44%]
alphaedge/tests/test_news_filter.py::TestBlackoutWindow::test_exactly_at_window_start PASSED [ 45%]
alphaedge/tests/test_news_filter.py::TestBlackoutWindow::test_one_second_before_window_passes PASSED [ 45%]
alphaedge/tests/test_order_manager_bracket.py::TestOrderManagerBracket::test_valid_sell_bracket_order PASSED [ 45%]
alphaedge/tests/test_order_manager_bracket.py::TestOrderManagerBracket::test_valid_buy_bracket_order PASSED [ 45%]
alphaedge/tests/test_order_manager_bracket.py::TestOrderManagerBracket::test_rejected_on_wide_spread PASSED [ 45%]
alphaedge/tests/test_order_manager_lots.py::TestOrderManagerLots::test_standard_lot_conversion PASSED [ 45%]
alphaedge/tests/test_order_manager_lots.py::TestOrderManagerLots::test_mini_lot_conversion PASSED [ 46%]
alphaedge/tests/test_order_manager_lots.py::TestOrderManagerLots::test_micro_lot_conversion PASSED [ 46%]
alphaedge/tests/test_order_manager_validation.py::TestOrderManagerValidation::test_rejected_invalid_lot_size PASSED [ 46%]
alphaedge/tests/test_order_manager_validation.py::TestOrderManagerValidation::test_rejected_low_rr_ratio PASSED [ 46%]
alphaedge/tests/test_order_manager_validation.py::TestOrderManagerValidation::test_spread_adjustment_widens_sl PASSED [ 46%]
alphaedge/tests/test_pair_correlation.py::TestConstants::test_max_correlation_default PASSED [ 46%]
alphaedge/tests/test_pair_correlation.py::TestConstants::test_risk_decay_default PASSED [ 46%]
alphaedge/tests/test_pair_correlation.py::TestConstants::test_lookback_bars_default PASSED [ 47%]
alphaedge/tests/test_pair_correlation.py::TestComputeReturns::test_basic_returns PASSED [ 47%]
alphaedge/tests/test_pair_correlation.py::TestComputeReturns::test_empty_list PASSED [ 47%]
alphaedge/tests/test_pair_correlation.py::TestComputeReturns::test_single_price PASSED [ 47%]
alphaedge/tests/test_pair_correlation.py::TestComputeReturns::test_two_prices PASSED [ 47%]
alphaedge/tests/test_pair_correlation.py::TestComputeReturns::test_negative_return PASSED [ 47%]
alphaedge/tests/test_pair_correlation.py::TestComputeReturns::test_zero_price_skipped PASSED [ 48%]
alphaedge/tests/test_pair_correlation.py::TestComputeCorrelation::test_perfect_positive PASSED [ 48%]
alphaedge/tests/test_pair_correlation.py::TestComputeCorrelation::test_perfect_negative PASSED [ 48%]
alphaedge/tests/test_pair_correlation.py::TestComputeCorrelation::test_zero_correlation_constant PASSED [ 48%]
alphaedge/tests/test_pair_correlation.py::TestComputeCorrelation::test_too_few_values PASSED [ 48%]
alphaedge/tests/test_pair_correlation.py::TestComputeCorrelation::test_empty_lists PASSED [ 48%]
alphaedge/tests/test_pair_correlation.py::TestComputeCorrelation::test_different_lengths_uses_min PASSED [ 49%]
alphaedge/tests/test_pair_correlation.py::TestComputeCorrelation::test_uncorrelated PASSED [ 49%]
alphaedge/tests/test_pair_correlation.py::TestBuildCorrelationMatrix::test_two_pairs_perfectly_correlated PASSED [ 49%]
alphaedge/tests/test_pair_correlation.py::TestBuildCorrelationMatrix::test_three_pairs_matrix_keys PASSED [ 49%]
alphaedge/tests/test_pair_correlation.py::TestBuildCorrelationMatrix::test_lookback_truncation PASSED [ 49%]
alphaedge/tests/test_pair_correlation.py::TestBuildCorrelationMatrix::test_single_pair_empty_matrix PASSED [ 49%]
alphaedge/tests/test_pair_correlation.py::TestBuildCorrelationMatrix::test_empty_input PASSED [ 50%]
alphaedge/tests/test_pair_correlation.py::TestGetCorrelation::test_same_pair PASSED [ 50%]
alphaedge/tests/test_pair_correlation.py::TestGetCorrelation::test_forward_key PASSED [ 50%]
alphaedge/tests/test_pair_correlation.py::TestGetCorrelation::test_reverse_key PASSED [ 50%]
alphaedge/tests/test_pair_correlation.py::TestGetCorrelation::test_missing_key PASSED [ 50%]
alphaedge/tests/test_pair_correlation.py::TestCheckSignalAllowed::test_no_open_positions PASSED [ 50%]
alphaedge/tests/test_pair_correlation.py::TestCheckSignalAllowed::test_blocked_high_correlation PASSED [ 50%]
alphaedge/tests/test_pair_correlation.py::TestCheckSignalAllowed::test_allowed_low_correlation PASSED [ 51%]
alphaedge/tests/test_pair_correlation.py::TestCheckSignalAllowed::test_exact_threshold_allowed PASSED [ 51%]
alphaedge/tests/test_pair_correlation.py::TestCheckSignalAllowed::test_negative_correlation_blocks PASSED [ 51%]
alphaedge/tests/test_pair_correlation.py::TestCheckSignalAllowed::test_multiple_open_worst_blocks PASSED [ 51%]
alphaedge/tests/test_pair_correlation.py::TestCheckSignalAllowed::test_same_pair_in_open_ignored PASSED [ 51%]
alphaedge/tests/test_pair_correlation.py::TestCheckSignalAllowed::test_custom_threshold PASSED [ 51%]
alphaedge/tests/test_pair_correlation.py::TestAdjustRiskForCorrelation::test_no_open_positions PASSED [ 52%]
alphaedge/tests/test_pair_correlation.py::TestAdjustRiskForCorrelation::test_one_correlated_pair PASSED [ 52%]
alphaedge/tests/test_pair_correlation.py::TestAdjustRiskForCorrelation::test_two_correlated_pairs PASSED [ 52%]
alphaedge/tests/test_pair_correlation.py::TestAdjustRiskForCorrelation::test_uncorrelated_no_reduction PASSED [ 52%]
alphaedge/tests/test_pair_correlation.py::TestAdjustRiskForCorrelation::test_mixed_correlated_uncorrelated PASSED [ 52%]
alphaedge/tests/test_pair_correlation.py::TestAdjustRiskForCorrelation::test_custom_risk_decay PASSED [ 52%]
alphaedge/tests/test_pair_correlation.py::TestAdjustRiskForCorrelation::test_total_correlation_sum PASSED [ 53%]
alphaedge/tests/test_pair_correlation.py::TestAdjustRiskForCorrelation::test_same_pair_ignored PASSED [ 53%]
alphaedge/tests/test_pair_correlation.py::TestIntegration::test_correlated_pairs_blocked PASSED [ 53%]
alphaedge/tests/test_pair_correlation.py::TestIntegration::test_uncorrelated_pairs_allowed PASSED [ 53%]
alphaedge/tests/test_pair_correlation.py::TestIntegration::test_risk_adjusted_end_to_end PASSED [ 53%]
alphaedge/tests/test_paper_live_separation.py::TestPaperLiveConfig::test_load_config_infers_live_mode_from_standard_port PASSED [ 53%]
alphaedge/tests/test_paper_live_separation.py::TestPaperLiveConfig::test_load_config_rejects_standard_port_mismatch PASSED [ 53%]
alphaedge/tests/test_paper_live_separation.py::TestPaperLiveConfig::test_cli_mode_live_blocked_when_env_paper_true PASSED [ 54%]
alphaedge/tests/test_paper_live_separation.py::TestPaperLiveConfig::test_cli_mode_live_allowed_when_env_paper_false PASSED [ 54%]
alphaedge/tests/test_paper_live_separation.py::TestPaperLiveConfig::test_ib_config_repr_hides_account_id PASSED [ 54%]
alphaedge/tests/test_pipeline_latency_signal_to_order.py::TestPipelineLatencySignalToOrder::test_pipeline_latency_under_100ms PASSED [ 54%]
alphaedge/tests/test_pipeline_latency_signal_to_order.py::TestPipelineLatencySignalToOrder::test_pipeline_latency_scales_with_bar_count[30] PASSED [ 54%]
alphaedge/tests/test_pipeline_latency_signal_to_order.py::TestPipelineLatencySignalToOrder::test_pipeline_latency_scales_with_bar_count[60] PASSED [ 54%]
alphaedge/tests/test_pipeline_latency_signal_to_order.py::TestPipelineLatencySignalToOrder::test_pipeline_latency_scales_with_bar_count[120] PASSED [ 55%]
alphaedge/tests/test_position_manager.py::TestPositionManagerSizePosition::test_returns_valid_result PASSED [ 55%]
alphaedge/tests/test_position_manager.py::TestPositionManagerSizePosition::test_returns_none_when_invalid PASSED [ 55%]
alphaedge/tests/test_position_manager.py::TestPositionManagerSizePosition::test_uses_current_equity_when_set PASSED [ 55%]
alphaedge/tests/test_position_manager.py::TestPositionManagerSizePosition::test_uses_starting_equity_when_current_zero PASSED [ 55%]
alphaedge/tests/test_position_manager.py::TestPositionManagerBuildOrder::test_returns_valid_bracket PASSED [ 55%]
alphaedge/tests/test_position_manager.py::TestPositionManagerBuildOrder::test_returns_none_when_rejected PASSED [ 56%]
alphaedge/tests/test_position_manager.py::TestPositionManagerBuildOrder::test_passes_signal_direction PASSED [ 56%]
alphaedge/tests/test_race_condition_multi_pair.py::TestTradeLockExists::test_lock_attribute PASSED [ 56%]
alphaedge/tests/test_race_condition_multi_pair.py::TestAtomicCheckAndExecute::test_rejects_when_pair_already_open PASSED [ 56%]
alphaedge/tests/test_race_condition_multi_pair.py::TestAtomicCheckAndExecute::test_allows_when_no_pair_open PASSED [ 56%]
alphaedge/tests/test_race_condition_multi_pair.py::TestConcurrentSignalsOnlyOneExecutes::test_two_simultaneous_signals_one_trade PASSED [ 56%]
alphaedge/tests/test_race_condition_multi_pair.py::TestOnTradeClosedUsesLock::test_trade_closed_resets_flag PASSED [ 57%]
alphaedge/tests/test_random_baseline.py::TestGenerateRandomTrades::test_generates_correct_count PASSED [ 57%]
alphaedge/tests/test_random_baseline.py::TestGenerateRandomTrades::test_trades_have_outcomes PASSED [ 57%]
alphaedge/tests/test_random_baseline.py::TestGenerateRandomTrades::test_both_directions PASSED [ 57%]
alphaedge/tests/test_random_baseline.py::TestGenerateRandomTrades::test_rr_ratio_applied PASSED [ 57%]
alphaedge/tests/test_random_baseline.py::TestGenerateRandomTrades::test_too_few_bars_returns_empty PASSED [ 57%]
alphaedge/tests/test_random_baseline.py::TestGenerateRandomTrades::test_reproducibility_with_rng PASSED [ 57%]
alphaedge/tests/test_random_baseline.py::TestRunRandomBaseline::test_report_structure PASSED [ 58%]
alphaedge/tests/test_random_baseline.py::TestRunRandomBaseline::test_p_value_range PASSED [ 58%]
alphaedge/tests/test_random_baseline.py::TestRunRandomBaseline::test_baseline_95th_computed PASSED [ 58%]
alphaedge/tests/test_random_baseline.py::TestRunRandomBaseline::test_seed_reproducibility PASSED [ 58%]
alphaedge/tests/test_random_baseline.py::TestRunRandomBaseline::test_empty_bars_produces_zero_pfs PASSED [ 58%]
alphaedge/tests/test_reconnect.py::TestDisconnectTriggersReconnect::test_disconnect_event_wired PASSED [ 58%]
alphaedge/tests/test_reconnect.py::TestDisconnectTriggersReconnect::test_broker_rebinds_disconnect_handlers_on_client_reset PASSED [ 59%]
alphaedge/tests/test_reconnect.py::TestDisconnectTriggersReconnect::test_disconnect_calls_reconnect PASSED [ 59%]
alphaedge/tests/test_reconnect.py::TestReconnectSuccessReconciles::test_position_state_synced PASSED [ 59%]
alphaedge/tests/test_reconnect.py::TestReconnectFailureShutdown::test_shutdown_on_failure PASSED [ 59%]
alphaedge/tests/test_regime_filter_contract.py::TestDailyRegimeFilterContract::test_return_value_set PASSED [ 59%]
alphaedge/tests/test_regime_filter_contract.py::TestDailyRegimeFilterContract::test_untrained_returns_unknown PASSED [ 59%]
alphaedge/tests/test_regime_filter_contract.py::TestDailyRegimeFilterContract::test_empty_bars_returns_unknown PASSED [ 60%]
alphaedge/tests/test_regime_filter_contract.py::TestDailyRegimeFilterContract::test_untrained_with_any_bars_returns_unknown[1] PASSED [ 60%]
alphaedge/tests/test_regime_filter_contract.py::TestDailyRegimeFilterContract::test_untrained_with_any_bars_returns_unknown[5] PASSED [ 60%]
alphaedge/tests/test_regime_filter_contract.py::TestDailyRegimeFilterContract::test_untrained_with_any_bars_returns_unknown[10] PASSED [ 60%]
alphaedge/tests/test_regime_filter_contract.py::TestDailyRegimeFilterContract::test_trained_returns_valid_regime PASSED [ 60%]
alphaedge/tests/test_regime_filter_contract.py::TestDailyRegimeFilterContract::test_result_always_in_valid_regimes PASSED [ 60%]
alphaedge/tests/test_regime_filter_kmeans.py::TestDailyRegimeFilterFit::test_fit_does_not_raise PASSED [ 60%]
alphaedge/tests/test_regime_filter_kmeans.py::TestDailyRegimeFilterFit::test_fit_insufficient_data_does_not_raise PASSED [ 61%]
alphaedge/tests/test_regime_filter_kmeans.py::TestDailyRegimeFilterFit::test_fit_sets_last_fit_date PASSED [ 61%]
alphaedge/tests/test_regime_filter_kmeans.py::TestDailyRegimeFilterPredict::test_predict_returns_valid_label PASSED [ 61%]
alphaedge/tests/test_regime_filter_kmeans.py::TestDailyRegimeFilterPredict::test_predict_unknown_when_not_fitted PASSED [ 61%]
alphaedge/tests/test_regime_filter_kmeans.py::TestDailyRegimeFilterPredict::test_predict_high_vol_cluster_is_consistent PASSED [ 61%]
alphaedge/tests/test_regime_filter_kmeans.py::TestDailyRegimeFilterRecalibration::test_needs_recalibration_false_when_fresh PASSED [ 61%]
alphaedge/tests/test_regime_filter_kmeans.py::TestDailyRegimeFilterRecalibration::test_needs_recalibration_true_after_30d PASSED [ 62%]
alphaedge/tests/test_regime_filter_kmeans.py::TestDailyRegimeFilterRecalibration::test_needs_recalibration_true_when_not_fitted PASSED [ 62%]
alphaedge/tests/test_regime_filter_kmeans.py::TestDailyRegimeFilterEdgeCases::test_unknown_on_empty_list PASSED [ 62%]
alphaedge/tests/test_regime_filter_kmeans.py::TestDailyRegimeFilterEdgeCases::test_valid_regime_on_single_daily_bar PASSED [ 62%]
alphaedge/tests/test_regime_filter_kmeans.py::TestDailyRegimeFilterEdgeCases::test_fit_empty_history_does_not_raise PASSED [ 62%]
alphaedge/tests/test_regime_filter_kmeans.py::TestDailyRegimeFilterEdgeCases::test_predict_valid_label_for_various_bar_counts[2] PASSED [ 62%]
alphaedge/tests/test_regime_filter_kmeans.py::TestDailyRegimeFilterEdgeCases::test_predict_valid_label_for_various_bar_counts[3] PASSED [ 63%]
alphaedge/tests/test_regime_filter_kmeans.py::TestDailyRegimeFilterEdgeCases::test_predict_valid_label_for_various_bar_counts[12] PASSED [ 63%]
alphaedge/tests/test_risk_check_interval.py::TestAdaptiveRiskCheckInterval::test_idle_interval_is_30 PASSED [ 63%]
alphaedge/tests/test_risk_check_interval.py::TestAdaptiveRiskCheckInterval::test_position_interval_is_5 PASSED [ 63%]
alphaedge/tests/test_risk_check_interval.py::TestAdaptiveRiskCheckInterval::test_has_open_position_false_when_idle PASSED [ 63%]
alphaedge/tests/test_risk_check_interval.py::TestAdaptiveRiskCheckInterval::test_has_open_position_true_when_active PASSED [ 63%]
alphaedge/tests/test_risk_check_interval.py::TestAdaptiveRiskCheckInterval::test_has_open_position_empty_states PASSED [ 64%]
alphaedge/tests/test_risk_manager_daily.py::TestRiskManagerDaily::test_limit_not_breached_in_profit PASSED [ 64%]
alphaedge/tests/test_risk_manager_daily.py::TestRiskManagerDaily::test_limit_breached_on_large_loss PASSED [ 64%]
alphaedge/tests/test_risk_manager_daily.py::TestRiskManagerDaily::test_limit_breached_on_max_trades PASSED [ 64%]
alphaedge/tests/test_risk_manager_pair_limit.py::TestRiskManagerPairLimit::test_allows_new_pair_below_limit PASSED [ 64%]
alphaedge/tests/test_risk_manager_pair_limit.py::TestRiskManagerPairLimit::test_rejects_when_max_pairs_reached PASSED [ 64%]
alphaedge/tests/test_risk_manager_sizing.py::TestRiskManagerSizing::test_position_size_1pct_risk PASSED [ 64%]
alphaedge/tests/test_risk_manager_sizing.py::TestRiskManagerSizing::test_position_size_zero_sl_invalid PASSED [ 65%]
alphaedge/tests/test_risk_manager_sizing.py::TestRiskManagerSizing::test_position_size_jpy_pair PASSED [ 65%]
alphaedge/tests/test_risk_manager_slippage.py::TestRiskManagerSlippage::test_slippage_widens_buy_sl_down PASSED [ 65%]
alphaedge/tests/test_risk_manager_slippage.py::TestRiskManagerSlippage::test_slippage_widens_sell_sl_up PASSED [ 65%]
alphaedge/tests/test_risk_manager_slippage.py::TestRiskManagerSlippage::test_zero_slippage_unchanged PASSED [ 65%]
alphaedge/tests/test_sensitivity.py::TestSensitivityParam::test_values_generation PASSED [ 65%]
alphaedge/tests/test_sensitivity.py::TestSensitivityParam::test_all_params_defined PASSED [ 66%]
alphaedge/tests/test_sensitivity.py::TestSensitivityParam::test_param_ranges_match_spec PASSED [ 66%]
alphaedge/tests/test_sensitivity.py::TestRunWithParams::test_config_override_applied PASSED [ 66%]
alphaedge/tests/test_sensitivity.py::TestRunWithParams::test_constant_override_restored PASSED [ 66%]
alphaedge/tests/test_sensitivity.py::TestRunWithParams::test_constant_restored_on_error PASSED [ 66%]
alphaedge/tests/test_sensitivity.py::TestRunSensitivity2D::test_grid_dimensions PASSED [ 66%]
alphaedge/tests/test_sensitivity.py::TestRunSensitivity2D::test_values_populated PASSED [ 67%]
alphaedge/tests/test_sensitivity.py::TestGenerateHeatmap::test_heatmap_file_created PASSED [ 67%]
alphaedge/tests/test_sensitivity.py::TestGenerateHeatmap::test_pf_heatmap PASSED [ 67%]
alphaedge/tests/test_sensitivity.py::TestFindRobustnessPlateau::test_finds_plateau PASSED [ 67%]
alphaedge/tests/test_sensitivity.py::TestFindRobustnessPlateau::test_no_plateau_when_all_below_threshold PASSED [ 67%]
alphaedge/tests/test_sensitivity.py::TestFindRobustnessPlateau::test_plateau_stability_score PASSED [ 67%]
alphaedge/tests/test_session_lifecycle_daily_summary.py::TestStrategyStateDailySummaryFields::test_initial_values_are_zero PASSED [ 67%]
alphaedge/tests/test_session_lifecycle_daily_summary.py::TestStrategyStateDailySummaryFields::test_win_increments_wins_today PASSED [ 68%]
alphaedge/tests/test_session_lifecycle_daily_summary.py::TestStrategyStateDailySummaryFields::test_loss_increments_losses_today PASSED [ 68%]
alphaedge/tests/test_session_lifecycle_daily_summary.py::TestStrategyStateDailySummaryFields::test_pnl_usd_today_accumulates PASSED [ 68%]
alphaedge/tests/test_session_lifecycle_daily_summary.py::TestDailySummaryAggregation::test_aggregate_wins PASSED [ 68%]
alphaedge/tests/test_session_lifecycle_daily_summary.py::TestDailySummaryAggregation::test_aggregate_losses PASSED [ 68%]
alphaedge/tests/test_session_lifecycle_daily_summary.py::TestDailySummaryAggregation::test_aggregate_pnl_usd PASSED [ 68%]
alphaedge/tests/test_session_manager.py::TestSessionWindowContains::test_nyse_within_window PASSED [ 69%]
alphaedge/tests/test_session_manager.py::TestSessionWindowContains::test_nyse_at_start PASSED [ 69%]
alphaedge/tests/test_session_manager.py::TestSessionWindowContains::test_nyse_at_end PASSED [ 69%]
alphaedge/tests/test_session_manager.py::TestSessionWindowContains::test_nyse_before_window PASSED [ 69%]
alphaedge/tests/test_session_manager.py::TestSessionWindowContains::test_nyse_after_window PASSED [ 69%]
alphaedge/tests/test_session_manager.py::TestSessionWindowContains::test_nyse_weekend_rejected PASSED [ 69%]
alphaedge/tests/test_session_manager.py::TestSessionWindowContains::test_london_within_window PASSED [ 70%]
alphaedge/tests/test_session_manager.py::TestSessionWindowContains::test_london_outside_window PASSED [ 70%]
alphaedge/tests/test_session_manager.py::TestSessionWindowContains::test_disabled_session_never_active PASSED [ 70%]
alphaedge/tests/test_session_manager.py::TestSessionWindowContains::test_london_default_disabled PASSED [ 70%]
alphaedge/tests/test_session_manager.py::TestSessionWindowGetWindowUtc::test_nyse_returns_utc_pair PASSED [ 70%]
alphaedge/tests/test_session_manager.py::TestSessionWindowGetWindowUtc::test_london_utc_no_offset PASSED [ 70%]
alphaedge/tests/test_session_manager.py::TestGetActiveSessions::test_nyse_active_during_nyse_hours PASSED [ 71%]
alphaedge/tests/test_session_manager.py::TestGetActiveSessions::test_no_sessions_active_at_midnight PASSED [ 71%]
alphaedge/tests/test_session_manager.py::TestGetActiveSessions::test_both_sessions_checked PASSED [ 71%]
alphaedge/tests/test_session_manager.py::TestGetActiveSessions::test_is_any_session_active_true PASSED [ 71%]
alphaedge/tests/test_session_manager.py::TestGetActiveSessions::test_is_any_session_active_false PASSED [ 71%]
alphaedge/tests/test_session_manager.py::TestBuildSessionsFromConfig::test_default_nyse_only PASSED [ 71%]
alphaedge/tests/test_session_manager.py::TestBuildSessionsFromConfig::test_both_enabled PASSED [ 71%]
alphaedge/tests/test_session_manager.py::TestBuildSessionsFromConfig::test_london_only PASSED [ 72%]
alphaedge/tests/test_session_manager.py::TestBuildSessionsFromConfig::test_none_enabled PASSED [ 72%]
alphaedge/tests/test_session_manager.py::TestBuildSessionsFromConfig::test_london_built_as_enabled PASSED [ 72%]
alphaedge/tests/test_session_restart_blocked.py::TestSessionRestartBlocked::test_shutdown_triggered_blocks_restart PASSED [ 72%]
alphaedge/tests/test_session_restart_blocked.py::TestSessionRestartBlocked::test_shutdown_not_triggered_allows_restart PASSED [ 72%]
alphaedge/tests/test_signal_pipeline.py::TestMomentumStopAdxBelowThreshold::test_momentum_returns_none_when_adx_low PASSED [ 72%]
alphaedge/tests/test_signal_pipeline.py::TestMomentumStopAdxBelowThreshold::test_no_carry_check_needed_when_momentum_none PASSED [ 73%]
alphaedge/tests/test_signal_pipeline.py::TestCarryContradictionBlocksEntry::test_long_momentum_short_carry_is_conflict PASSED [ 73%]
alphaedge/tests/test_signal_pipeline.py::TestCarryContradictionBlocksEntry::test_short_momentum_long_carry_is_conflict PASSED [ 73%]
alphaedge/tests/test_signal_pipeline.py::TestCarryContradictionBlocksEntry::test_neutral_carry_never_conflicts PASSED [ 73%]
alphaedge/tests/test_signal_pipeline.py::TestCarryContradictionBlocksEntry::test_invalid_carry_never_conflicts PASSED [ 73%]
alphaedge/tests/test_signal_pipeline.py::TestFullPipelineLongSignal::test_long_momentum_long_carry_no_conflict PASSED [ 73%]
alphaedge/tests/test_signal_pipeline.py::TestFullPipelineLongSignal::test_signal_result_stored_on_state PASSED [ 74%]
alphaedge/tests/test_signal_pipeline.py::TestFullPipelineShortSignal::test_short_momentum_short_carry_no_conflict PASSED [ 74%]
alphaedge/tests/test_signal_pipeline.py::TestFullPipelineShortSignal::test_short_momentum_long_carry_conflicts PASSED [ 74%]
alphaedge/tests/test_signal_pipeline.py::TestEdgeCases::test_detect_momentum_passes_adx_threshold_from_constants[25.0] PASSED [ 74%]
alphaedge/tests/test_signal_pipeline.py::TestEdgeCases::test_detect_momentum_passes_adx_threshold_from_constants[26.0] PASSED [ 74%]
alphaedge/tests/test_signal_pipeline.py::TestEdgeCases::test_detect_momentum_passes_adx_threshold_from_constants[50.0] PASSED [ 74%]
alphaedge/tests/test_signal_pipeline.py::TestEdgeCases::test_detect_momentum_passes_adx_threshold_from_constants[100.0] PASSED [ 75%]
alphaedge/tests/test_signal_pipeline.py::TestEdgeCases::test_get_carry_with_missing_rates_returns_invalid PASSED [ 75%]
alphaedge/tests/test_slippage_integration.py::TestSlippageBufferInExecuteSignal::test_sl_widened_by_slippage_buffer_buy PASSED [ 75%]
alphaedge/tests/test_slippage_integration.py::TestSlippageBufferInExecuteSignal::test_sl_widened_by_slippage_buffer_sell PASSED [ 75%]
alphaedge/tests/test_slippage_integration.py::TestReconnectBackoff::test_reconnect_exponential_backoff PASSED [ 75%]
alphaedge/tests/test_slippage_integration.py::TestReconnectBackoff::test_reconnect_delay_capped_at_30s PASSED [ 75%]
alphaedge/tests/test_spread_error_blocks_trade.py::TestSpreadNoneBlocksTrade::test_execute_signal_blocked_when_spread_none PASSED [ 75%]
alphaedge/tests/test_spread_error_blocks_trade.py::TestSpreadNoneBlocksTrade::test_check_spread_blocked_when_spread_none PASSED [ 76%]
alphaedge/tests/test_spread_error_blocks_trade.py::TestSpreadNoneBlocksTrade::test_check_spread_passes_when_spread_valid PASSED [ 76%]
alphaedge/tests/test_spread_error_blocks_trade.py::TestMidPriceNoneBlocksTrade::test_execute_signal_blocked_when_mid_price_none_jpy PASSED [ 76%]
alphaedge/tests/test_spread_error_blocks_trade.py::TestMidPriceNoneBlocksTrade::test_execute_signal_skips_mid_for_non_jpy PASSED [ 76%]
alphaedge/tests/test_spread_monitor.py::TestSpreadCheckBeforeExecution::test_wide_spread_skips_signal PASSED [ 76%]
alphaedge/tests/test_spread_monitor.py::TestSpreadCheckBeforeExecution::test_tight_spread_executes_signal PASSED [ 76%]
alphaedge/tests/test_spread_monitor.py::TestSpreadSpikeMonitor::test_spike_above_threshold_logs_warning PASSED [ 77%]
alphaedge/tests/test_spread_monitor.py::TestSpreadSpikeMonitor::test_normal_spread_no_warning PASSED [ 77%]
alphaedge/tests/test_strategy_p2_04.py::TestVolatilityRegimeGate::test_pair_skipped_when_regime_not_allowed PASSED [ 77%]
alphaedge/tests/test_strategy_p2_04.py::TestVolatilityRegimeGate::test_pair_active_when_regime_allowed PASSED [ 77%]
alphaedge/tests/test_strategy_p2_04.py::TestVolatilityRegimeGate::test_regime_skipped_when_no_daily_bars PASSED [ 77%]
alphaedge/tests/test_strategy_p2_04.py::TestCorrelationCheckInBar::test_correlation_not_checked_when_matrix_empty PASSED [ 77%]
alphaedge/tests/test_strategy_p2_04.py::TestCorrelationCheckInBar::test_correlated_signal_blocked PASSED [ 78%]
alphaedge/tests/test_strategy_p2_04.py::TestCorrelationCheckInBar::test_uncorrelated_signal_allowed PASSED [ 78%]
alphaedge/tests/test_strategy_p2_04.py::TestCorrelationCheckInBar::test_correlation_check_passes_open_pairs PASSED [ 78%]
alphaedge/tests/test_strategy_p2_05.py::TestPersistOnTradeClosed::test_persist_called_after_close PASSED [ 78%]
alphaedge/tests/test_strategy_p2_05.py::TestPersistOnTradeClosed::test_state_persisted_after_close PASSED [ 78%]
alphaedge/tests/test_strategy_p2_05.py::TestPersistOnTradeClosed::test_open_pairs_reflects_remaining_positions PASSED [ 78%]
alphaedge/tests/test_strategy_p2_05.py::TestStartupReconcile::test_reconcile_called_at_startup PASSED [ 78%]
alphaedge/tests/test_strategy_p2_05.py::TestStartupReconcile::test_reconcile_restores_open_pairs PASSED [ 79%]
alphaedge/tests/test_strategy_regime_gate.py::TestRegimeGate::test_gate_disabled_calls_detect_momentum PASSED [ 79%]
alphaedge/tests/test_strategy_regime_gate.py::TestRegimeGate::test_gate_enabled_high_vol_returns_none PASSED [ 79%]
alphaedge/tests/test_strategy_regime_gate.py::TestRegimeGate::test_gate_enabled_low_vol_calls_detect_momentum PASSED [ 79%]
alphaedge/tests/test_strategy_regime_gate.py::TestRegimeGate::test_gate_enabled_unknown_regime_calls_detect_momentum PASSED [ 79%]
alphaedge/tests/test_strategy_regime_gate.py::TestRegimeGate::test_no_regime_filter_gate_enabled_calls_detect_momentum PASSED [ 79%]
alphaedge/tests/test_strategy_regime_gate.py::TestRegimeGate::test_gate_blocks_on_configured_label[high_vol] PASSED [ 80%]
alphaedge/tests/test_strategy_regime_gate.py::TestRegimeGate::test_gate_blocks_on_configured_label[low_vol] PASSED [ 80%]
alphaedge/tests/test_timezone_dst.py::TestTimezoneDST::test_session_window_est_winter PASSED [ 80%]
alphaedge/tests/test_timezone_dst.py::TestTimezoneDST::test_session_window_edt_summer PASSED [ 80%]
alphaedge/tests/test_timezone_dst.py::TestTimezoneDST::test_session_active_dst_spring_forward PASSED [ 80%]
alphaedge/tests/test_timezone_dst.py::TestTimezoneDST::test_session_active_dst_fall_back PASSED [ 80%]
alphaedge/tests/test_timezone_dst.py::TestTimezoneDST::test_session_window_utc_offset_changes PASSED [ 81%]
alphaedge/tests/test_timezone_dst.py::TestDSTTransitionWeek::test_inside_transition_2025 PASSED [ 81%]
alphaedge/tests/test_timezone_dst.py::TestDSTTransitionWeek::test_before_us_transition_2025 PASSED [ 81%]
alphaedge/tests/test_timezone_dst.py::TestDSTTransitionWeek::test_us_transition_day_inclusive_2025 PASSED [ 81%]
alphaedge/tests/test_timezone_dst.py::TestDSTTransitionWeek::test_eu_transition_day_exclusive_2025 PASSED [ 81%]
alphaedge/tests/test_timezone_dst.py::TestDSTTransitionWeek::test_after_eu_transition_2025 PASSED [ 81%]
alphaedge/tests/test_timezone_dst.py::TestDSTTransitionWeek::test_winter_date_not_in_window PASSED [ 82%]
alphaedge/tests/test_timezone_dst.py::TestDSTTransitionWeek::test_inside_transition_2024 PASSED [ 82%]
alphaedge/tests/test_timezone_dst.py::TestDSTTransitionWeek::test_eu_transition_day_exclusive_2024 PASSED [ 82%]
alphaedge/tests/test_timezone_weekend.py::TestTimezoneWeekend::test_saturday_returns_false PASSED [ 82%]
alphaedge/tests/test_timezone_weekend.py::TestTimezoneWeekend::test_sunday_returns_false PASSED [ 82%]
alphaedge/tests/test_timezone_weekend.py::TestTimezoneWeekend::test_friday_returns_true PASSED [ 82%]
alphaedge/tests/test_timezone_weekend.py::TestTimezoneWeekend::test_monday_returns_true PASSED [ 82%]
alphaedge/tests/test_timezone_weekend.py::TestTimezoneWeekend::test_weekday_outside_session_returns_false PASSED [ 83%]
alphaedge/tests/test_variable_slippage.py::TestComputeVariableSlippage::test_normal_conditions PASSED [ 83%]
alphaedge/tests/test_variable_slippage.py::TestComputeVariableSlippage::test_nyse_open_window PASSED [ 83%]
alphaedge/tests/test_variable_slippage.py::TestComputeVariableSlippage::test_nyse_open_minute_31 PASSED [ 83%]
alphaedge/tests/test_variable_slippage.py::TestComputeVariableSlippage::test_nyse_open_minute_34 PASSED [ 83%]
alphaedge/tests/test_variable_slippage.py::TestComputeVariableSlippage::test_after_nyse_open_window PASSED [ 83%]
alphaedge/tests/test_variable_slippage.py::TestComputeVariableSlippage::test_news_event_highest_cost PASSED [ 84%]
alphaedge/tests/test_variable_slippage.py::TestComputeVariableSlippage::test_news_overrides_nyse_open PASSED [ 84%]
alphaedge/tests/test_variable_slippage.py::TestComputeVariableSlippage::test_none_bar_time PASSED [ 84%]
alphaedge/tests/test_variable_slippage.py::TestComputeVariableSlippage::test_variable_higher_than_fixed PASSED [ 84%]
alphaedge/tests/test_variable_slippage.py::TestComputeVariableSlippage::test_news_slippage_value PASSED [ 84%]
alphaedge/tests/test_variable_slippage.py::TestComputeVariableSlippage::test_different_hours_normal PASSED [ 84%]
alphaedge/tests/test_variable_slippage.py::TestPerPairSpread::test_gbpjpy_higher_spread_than_eurusd PASSED [ 85%]
alphaedge/tests/test_variable_slippage.py::TestPerPairSpread::test_eurusd_normal_spread PASSED [ 85%]
alphaedge/tests/test_variable_slippage.py::TestPerPairSpread::test_gbpjpy_normal_spread PASSED [ 85%]
alphaedge/tests/test_variable_slippage.py::TestPerPairSpread::test_unknown_pair_falls_back_to_base PASSED [ 85%]
alphaedge/tests/test_variable_slippage.py::TestPerPairSpread::test_news_overrides_per_pair_spread PASSED [ 85%]
alphaedge/tests/test_variable_slippage.py::TestPerPairSpread::test_all_defined_pairs_have_spread PASSED [ 85%]
alphaedge/tests/test_vectorbt_validation.py::TestValidateWithVectorbt::test_empty_trades_no_error PASSED [ 85%]
alphaedge/tests/test_vectorbt_validation.py::TestValidateWithVectorbt::test_uses_percentage_returns PASSED [ 86%]
alphaedge/tests/test_vectorbt_validation.py::TestValidateWithVectorbt::test_signature_accepts_manual_sharpe PASSED [ 86%]
alphaedge/tests/test_vectorbt_validation.py::TestValidateWithVectorbt::test_divergence_warning_logged PASSED [ 86%]
alphaedge/tests/test_vectorbt_validation.py::TestValidateWithVectorbt::test_no_warning_when_sharpes_close PASSED [ 86%]
alphaedge/tests/test_volatility_regime.py::TestComputeDailyAtr::test_empty_returns_empty PASSED [ 86%]
alphaedge/tests/test_volatility_regime.py::TestComputeDailyAtr::test_single_bar PASSED [ 86%]
alphaedge/tests/test_volatility_regime.py::TestComputeDailyAtr::test_true_range_uses_prev_close PASSED [ 87%]
alphaedge/tests/test_volatility_regime.py::TestComputeDailyAtr::test_consistent_ranges PASSED [ 87%]
alphaedge/tests/test_volatility_regime.py::TestComputeRollingAtr::test_insufficient_data_returns_zero PASSED [ 87%]
alphaedge/tests/test_volatility_regime.py::TestComputeRollingAtr::test_exact_lookback PASSED [ 87%]
alphaedge/tests/test_volatility_regime.py::TestComputeRollingAtr::test_uses_last_n_bars PASSED [ 87%]
alphaedge/tests/test_volatility_regime.py::TestComputeRollingAtr::test_default_lookback_is_20 PASSED [ 87%]
alphaedge/tests/test_volatility_regime.py::TestCheckVolatilityRegime::test_normal_range_allowed PASSED [ 88%]
alphaedge/tests/test_volatility_regime.py::TestCheckVolatilityRegime::test_too_quiet_blocked PASSED [ 88%]
alphaedge/tests/test_volatility_regime.py::TestCheckVolatilityRegime::test_too_volatile_blocked PASSED [ 88%]
alphaedge/tests/test_volatility_regime.py::TestCheckVolatilityRegime::test_insufficient_data_allows_trading PASSED [ 88%]
alphaedge/tests/test_volatility_regime.py::TestCheckVolatilityRegime::test_thresholds_computed PASSED [ 88%]
alphaedge/tests/test_volatility_regime.py::TestCheckVolatilityRegime::test_custom_multipliers PASSED [ 88%]
alphaedge/tests/test_volatility_regime.py::TestCheckVolatilityRegime::test_boundary_at_low_threshold PASSED [ 89%]
alphaedge/tests/test_volatility_regime.py::TestCheckVolatilityRegime::test_boundary_at_high_threshold PASSED [ 89%]
alphaedge/tests/test_volatility_regime.py::TestCheckVolatilityRegime::test_result_carries_current_atr PASSED [ 89%]
alphaedge/tests/test_walk_forward.py::TestAddMonths::test_add_one_month PASSED [ 89%]
alphaedge/tests/test_walk_forward.py::TestAddMonths::test_add_three_months PASSED [ 89%]
alphaedge/tests/test_walk_forward.py::TestAddMonths::test_year_rollover PASSED [ 89%]
alphaedge/tests/test_walk_forward.py::TestAddMonths::test_clamp_to_last_day PASSED [ 89%]
alphaedge/tests/test_walk_forward.py::TestAddMonths::test_clamp_non_leap PASSED [ 90%]
alphaedge/tests/test_walk_forward.py::TestGenerateWfWindows::test_twelve_month_data_yields_windows PASSED [ 90%]
alphaedge/tests/test_walk_forward.py::TestGenerateWfWindows::test_window_structure PASSED [ 90%]
alphaedge/tests/test_walk_forward.py::TestGenerateWfWindows::test_train_precedes_test PASSED [ 90%]
alphaedge/tests/test_walk_forward.py::TestGenerateWfWindows::test_sliding_step PASSED [ 90%]
alphaedge/tests/test_walk_forward.py::TestGenerateWfWindows::test_insufficient_data PASSED [ 90%]
alphaedge/tests/test_walk_forward.py::TestGenerateWfWindows::test_exact_four_months PASSED [ 91%]
alphaedge/tests/test_walk_forward.py::TestFilterBarsByDate::test_filters_within_range PASSED [ 91%]
alphaedge/tests/test_walk_forward.py::TestFilterBarsByDate::test_empty_range PASSED [ 91%]
alphaedge/tests/test_walk_forward.py::TestFilterBarsByDate::test_full_range PASSED [ 91%]
alphaedge/tests/test_walk_forward.py::TestFilterBarsByDate::test_utc_bars_convert_correctly PASSED [ 91%]
alphaedge/tests/test_walk_forward.py::TestRunWalkForward::test_empty_bars PASSED [ 91%]
alphaedge/tests/test_walk_forward.py::TestRunWalkForward::test_report_structure_with_data PASSED [ 92%]
alphaedge/tests/test_walk_forward.py::TestRunWalkForward::test_aggregated_oos_uses_test_trades_only PASSED [ 92%]
alphaedge/tests/test_walk_forward.py::TestRunWalkForwardOptimization::test_without_optimize_fn_optimized_stats_are_none PASSED [ 92%]
alphaedge/tests/test_walk_forward.py::TestRunWalkForwardOptimization::test_optimize_fn_called_once_per_is_window PASSED [ 92%]
alphaedge/tests/test_walk_forward.py::TestRunWalkForwardOptimization::test_optimized_stats_populated_when_optimize_fn_provided PASSED [ 92%]
alphaedge/tests/test_walk_forward.py::TestRunWalkForwardOptimization::test_best_params_stored_per_window PASSED [ 92%]
alphaedge/tests/test_walk_forward.py::TestRunWalkForwardOptimization::test_aggregated_oos_optimized_populated PASSED [ 92%]
alphaedge/tests/test_walk_forward.py::TestGridSearchBest::test_returns_dict_of_param_names PASSED [ 93%]
alphaedge/tests/test_walk_forward.py::TestGridSearchBest::test_selects_best_by_sharpe PASSED [ 93%]
alphaedge/tests/test_walk_forward.py::TestGridSearchBest::test_default_params_used_when_none PASSED [ 93%]
alphaedge/tests/test_walk_forward_empty_window.py::TestWalkForwardEmptyWindow::test_empty_bars_returns_empty_report PASSED [ 93%]
alphaedge/tests/test_walk_forward_empty_window.py::TestWalkForwardEmptyWindow::test_single_bar_returns_empty_report PASSED [ 93%]
alphaedge/tests/test_walk_forward_empty_window.py::TestWalkForwardEmptyWindow::test_four_bars_returns_empty_report PASSED [ 93%]
alphaedge/tests/test_walk_forward_empty_window.py::TestWalkForwardEmptyWindow::test_insufficient_data_no_crash PASSED [ 94%]
alphaedge/tests/test_walk_forward_empty_window.py::TestWalkForwardEmptyWindow::test_data_range_returns_valid_report_structure PASSED [ 94%]
alphaedge/tests/test_web_dashboard.py::TestHealthEndpoint::test_health_returns_ok PASSED [ 94%]
alphaedge/tests/test_web_dashboard.py::TestHealthEndpoint::test_health_no_auth_required PASSED [ 94%]
alphaedge/tests/test_web_dashboard.py::TestStateEndpoint::test_default_state PASSED [ 94%]
alphaedge/tests/test_web_dashboard.py::TestStateEndpoint::test_updated_state PASSED [ 94%]
alphaedge/tests/test_web_dashboard.py::TestStateEndpoint::test_state_requires_auth PASSED [ 95%]
alphaedge/tests/test_web_dashboard.py::TestStateEndpoint::test_state_with_valid_token PASSED [ 95%]
alphaedge/tests/test_web_dashboard.py::TestTradesEndpoint::test_empty_trades PASSED [ 95%]
alphaedge/tests/test_web_dashboard.py::TestTradesEndpoint::test_add_and_retrieve_trades PASSED [ 95%]
alphaedge/tests/test_web_dashboard.py::TestTradesEndpoint::test_trades_limit PASSED [ 95%]
alphaedge/tests/test_web_dashboard.py::TestTradesEndpoint::test_trades_requires_auth PASSED [ 95%]
alphaedge/tests/test_web_dashboard.py::TestEquityEndpoint::test_empty_equity PASSED [ 96%]
alphaedge/tests/test_web_dashboard.py::TestEquityEndpoint::test_equity_curve_data PASSED [ 96%]
alphaedge/tests/test_web_dashboard.py::TestEquityEndpoint::test_equity_limit PASSED [ 96%]
alphaedge/tests/test_web_dashboard.py::TestEquityEndpoint::test_equity_requires_auth PASSED [ 96%]
alphaedge/tests/test_web_dashboard.py::TestDashboardStore::test_initial_state PASSED [ 96%]
alphaedge/tests/test_web_dashboard.py::TestDashboardStore::test_update_state PASSED [ 96%]
alphaedge/tests/test_web_dashboard.py::TestDashboardStore::test_trade_history_ordering PASSED [ 96%]
alphaedge/tests/test_web_dashboard.py::TestDashboardStore::test_equity_curve_limit PASSED [ 97%]
alphaedge/tests/test_web_dashboard.py::TestDashboardStore::test_ws_register_unregister PASSED [ 97%]
alphaedge/tests/test_web_dashboard.py::TestDashboardStore::test_unregister_nonexistent PASSED [ 97%]
alphaedge/tests/test_web_dashboard.py::TestDataModels::test_trade_history_entry_fields PASSED [ 97%]
alphaedge/tests/test_web_dashboard.py::TestDataModels::test_equity_point_fields PASSED [ 97%]
alphaedge/tests/test_web_dashboard.py::TestDataModels::test_dashboard_state_defaults PASSED [ 97%]
alphaedge/tests/test_web_dashboard.py::TestDataModels::test_dashboard_state_serialization PASSED [ 98%]
alphaedge/tests/test_web_dashboard.py::TestAuthentication::test_no_token_configured_allows_all PASSED [ 98%]
alphaedge/tests/test_web_dashboard.py::TestAuthentication::test_wrong_token_rejected PASSED [ 98%]
alphaedge/tests/test_web_dashboard.py::TestAuthentication::test_correct_token_accepted PASSED [ 98%]
alphaedge/tests/test_web_dashboard.py::TestAuthentication::test_empty_token_rejected_when_configured PASSED [ 98%]
alphaedge/tests/test_web_dashboard.py::TestWebSocket::test_ws_ping_pong PASSED [ 98%]
alphaedge/tests/test_web_dashboard.py::TestWebSocket::test_ws_rejected_without_token PASSED [ 99%]
alphaedge/tests/test_web_dashboard.py::TestWebSocket::test_ws_accepted_with_token PASSED [ 99%]
alphaedge/tests/test_web_dashboard.py::TestBroadcastState::test_broadcast_no_clients PASSED [ 99%]
alphaedge/tests/test_web_dashboard.py::TestBroadcastState::test_broadcast_removes_dead_clients PASSED [ 99%]
alphaedge/tests/test_web_dashboard.py::TestModuleLevelStore::test_get_set_store PASSED [ 99%]
alphaedge/tests/test_web_dashboard.py::TestRunWebDashboard::test_update_loop_populates_state PASSED [ 99%]
alphaedge/tests/test_web_dashboard.py::TestRunWebDashboard::test_update_loop_handles_errors PASSED [100%]

============================ 628 passed in 23.84s =============================
